> Task :app:clean
> Task :app:preBuild UP-TO-DATE
> Task :app:preDebugBuild UP-TO-DATE
> Task :app:mergeDebugNativeDebugMetadata NO-SOURCE
> Task :app:checkKotlinGradlePluginConfigurationErrors
> Task :app:checkDebugAarMetadata
> Task :app:processDebugNavigationResources
> Task :app:compileDebugNavigationResources
> Task :app:generateDebugResValues
> Task :app:mapDebugSourceSetPaths
> Task :app:generateDebugResources
> Task :app:packageDebugResources
> Task :app:createDebugCompatibleScreenManifests
> Task :app:extractDeepLinksDebug
> Task :app:parseDebugLocalResources
> Task :app:mergeDebugResources
> Task :app:processDebugMainManifest
> Task :app:processDebugManifest
> Task :app:mergeDebugShaders
> Task :app:compileDebugShaders NO-SOURCE
> Task :app:generateDebugAssets UP-TO-DATE
> Task :app:javaPreCompileDebug
> Task :app:mergeDebugAssets
> Task :app:compressDebugAssets
> Task :app:desugarDebugFileDependencies
> Task :app:mergeDebugJniLibFolders
> Task :app:mergeDebugNativeLibs NO-SOURCE
> Task :app:stripDebugDebugSymbols NO-SOURCE
> Task :app:validateSigningDebug
> Task :app:writeDebugAppMetadata
> Task :app:writeDebugSigningConfigVersions
> Task :app:processDebugManifestForPackage
> Task :app:checkDebugDuplicateClasses
> Task :app:mergeLibDexDebug
> Task :app:processDebugResources

> Task :app:kspDebugKotlin FAILED
e: [ksp] D:/Editing/Musicya/app/src/main/java/com/fourshil/musicya/ui/nowplaying/NowPlayingScreen.kt: (417, 7): Function declaration must have a name
e: Error occurred in KSP, check log for detail
e: file:///D:/Editing/Musicya/app/src/main/java/com/fourshil/musicya/ui/nowplaying/NowPlayingScreen.kt:339:1 Expecting a top level declaration
e: file:///D:/Editing/Musicya/app/src/main/java/com/fourshil/musicya/ui/nowplaying/NowPlayingScreen.kt:380:5 Expecting a top level declaration
e: file:///D:/Editing/Musicya/app/src/main/java/com/fourshil/musicya/ui/nowplaying/NowPlayingScreen.kt:381:1 Expecting a top level declaration
e: file:///D:/Editing/Musicya/app/src/main/java/com/fourshil/musicya/ui/nowplaying/NowPlayingScreen.kt:412:5 Expecting a top level declaration
e: file:///D:/Editing/Musicya/app/src/main/java/com/fourshil/musicya/ui/nowplaying/NowPlayingScreen.kt:412:8 Expecting a top level declaration
e: file:///D:/Editing/Musicya/app/src/main/java/com/fourshil/musicya/ui/nowplaying/NowPlayingScreen.kt:413:9 Expecting a top level declaration
e: file:///D:/Editing/Musicya/app/src/main/java/com/fourshil/musicya/ui/nowplaying/NowPlayingScreen.kt:413:18 Expecting a top level declaration
e: file:///D:/Editing/Musicya/app/src/main/java/com/fourshil/musicya/ui/nowplaying/NowPlayingScreen.kt:413:20 Expecting a top level declaration
e: file:///D:/Editing/Musicya/app/src/main/java/com/fourshil/musicya/ui/nowplaying/NowPlayingScreen.kt:414:13 Expecting a top level declaration
e: file:///D:/Editing/Musicya/app/src/main/java/com/fourshil/musicya/ui/nowplaying/NowPlayingScreen.kt:414:14 Expecting a top level declaration
e: file:///D:/Editing/Musicya/app/src/main/java/com/fourshil/musicya/ui/nowplaying/NowPlayingScreen.kt:414:18 Expecting a top level declaration
e: file:///D:/Editing/Musicya/app/src/main/java/com/fourshil/musicya/ui/nowplaying/NowPlayingScreen.kt:414:19 Expecting a top level declaration
e: file:///D:/Editing/Musicya/app/src/main/java/com/fourshil/musicya/ui/nowplaying/NowPlayingScreen.kt:414:21 Expecting a top level declaration
e: file:///D:/Editing/Musicya/app/src/main/java/com/fourshil/musicya/ui/nowplaying/NowPlayingScreen.kt:414:22 Expecting a top level declaration
e: file:///D:/Editing/Musicya/app/src/main/java/com/fourshil/musicya/ui/nowplaying/NowPlayingScreen.kt:414:24 Expecting a top level declaration
e: file:///D:/Editing/Musicya/app/src/main/java/com/fourshil/musicya/ui/nowplaying/NowPlayingScreen.kt:415:13 Expecting a top level declaration
e: file:///D:/Editing/Musicya/app/src/main/java/com/fourshil/musicya/ui/nowplaying/NowPlayingScreen.kt:415:14 Expecting a top level declaration
e: file:///D:/Editing/Musicya/app/src/main/java/com/fourshil/musicya/ui/nowplaying/NowPlayingScreen.kt:415:23 Expecting a top level declaration
e: file:///D:/Editing/Musicya/app/src/main/java/com/fourshil/musicya/ui/nowplaying/NowPlayingScreen.kt:415:24 Expecting a top level declaration
e: file:///D:/Editing/Musicya/app/src/main/java/com/fourshil/musicya/ui/nowplaying/NowPlayingScreen.kt:415:32 Expecting a top level declaration
e: file:///D:/Editing/Musicya/app/src/main/java/com/fourshil/musicya/ui/nowplaying/NowPlayingScreen.kt:415:34 Expecting a top level declaration
e: file:///D:/Editing/Musicya/app/src/main/java/com/fourshil/musicya/ui/nowplaying/NowPlayingScreen.kt:415:41 Expecting a top level declaration
e: file:///D:/Editing/Musicya/app/src/main/java/com/fourshil/musicya/ui/nowplaying/NowPlayingScreen.kt:415:42 Expecting a top level declaration
e: file:///D:/Editing/Musicya/app/src/main/java/com/fourshil/musicya/ui/nowplaying/NowPlayingScreen.kt:416:9 Expecting a top level declaration
e: file:///D:/Editing/Musicya/app/src/main/java/com/fourshil/musicya/ui/nowplaying/NowPlayingScreen.kt:416:26 Expecting a top level declaration
e: file:///D:/Editing/Musicya/app/src/main/java/com/fourshil/musicya/ui/nowplaying/NowPlayingScreen.kt:416:28 Expecting a top level declaration
e: file:///D:/Editing/Musicya/app/src/main/java/com/fourshil/musicya/ui/nowplaying/NowPlayingScreen.kt:416:37 Expecting a top level declaration
e: file:///D:/Editing/Musicya/app/src/main/java/com/fourshil/musicya/ui/nowplaying/NowPlayingScreen.kt:416:38 Expecting a top level declaration
e: file:///D:/Editing/Musicya/app/src/main/java/com/fourshil/musicya/ui/nowplaying/NowPlayingScreen.kt:417:5 Expecting a top level declaration
e: file:///D:/Editing/Musicya/app/src/main/java/com/fourshil/musicya/ui/nowplaying/NowPlayingScreen.kt:417:7 Expecting a top level declaration
e: file:///D:/Editing/Musicya/app/src/main/java/com/fourshil/musicya/ui/nowplaying/NowPlayingScreen.kt:441:1 Expecting a top level declaration

> Task :app:mergeExtDexDebug

FAILURE: Build failed with an exception.

* What went wrong:
Execution failed for task ':app:kspDebugKotlin'.
> A failure occurred while executing org.jetbrains.kotlin.compilerRunner.GradleCompilerRunnerWithWorkers$GradleKotlinCompilerWorkAction
   > Compilation error. See log for more details

* Try:
> Run with --stacktrace option to get the stack trace.
> Run with --info or --debug option to get more log output.
> Run with --scan to get full insights.
> Get more help at https://help.gradle.org.

BUILD FAILED in 13s
30 actionable tasks: 30 executed
