<?xml version="1.0" encoding="UTF-8"?>
<testsuite name="com.fourshil.musicya.player.SleepTimerManagerTest" tests="7" skipped="0" failures="0" errors="0" timestamp="2026-01-20T16:05:16.405Z" hostname="ASHF4" time="0.002">
  <properties/>
  <testcase name="timer remaining format for display" classname="com.fourshil.musicya.player.SleepTimerManagerTest" time="0.001"/>
  <testcase name="zero minutes results in no timer" classname="com.fourshil.musicya.player.SleepTimerManagerTest" time="0.0"/>
  <testcase name="common timer presets are valid" classname="com.fourshil.musicya.player.SleepTimerManagerTest" time="0.0"/>
  <testcase name="timer duration calculation for 1 hour" classname="com.fourshil.musicya.player.SleepTimerManagerTest" time="0.0"/>
  <testcase name="timer duration calculation for 30 minutes" classname="com.fourshil.musicya.player.SleepTimerManagerTest" time="0.001"/>
  <testcase name="negative minutes should be handled" classname="com.fourshil.musicya.player.SleepTimerManagerTest" time="0.0"/>
  <testcase name="timer duration calculation for 5 minutes" classname="com.fourshil.musicya.player.SleepTimerManagerTest" time="0.0"/>
  <system-out><![CDATA[]]></system-out>
  <system-err><![CDATA[]]></system-err>
</testsuite>
