<?xml version="1.0" encoding="UTF-8"?>
<testsuite name="com.fourshil.musicya.player.PlayerControllerLogicTest" tests="4" skipped="0" failures="0" errors="0" timestamp="2026-01-20T16:05:16.400Z" hostname="ASHF4" time="0.002">
  <properties/>
  <testcase name="song duration formatting" classname="com.fourshil.musicya.player.PlayerControllerLogicTest" time="0.002"/>
  <testcase name="speed cycle follows expected order" classname="com.fourshil.musicya.player.PlayerControllerLogicTest" time="0.0"/>
  <testcase name="playback speed is clamped to valid range" classname="com.fourshil.musicya.player.PlayerControllerLogicTest" time="0.0"/>
  <testcase name="sleep timer duration calculation" classname="com.fourshil.musicya.player.PlayerControllerLogicTest" time="0.0"/>
  <system-out><![CDATA[]]></system-out>
  <system-err><![CDATA[]]></system-err>
</testsuite>
